<?xml version="1.0" encoding="UTF-8"?>
<!-- Generated by org.testng.reporters.JUnitXMLReporter -->
<testsuite ignored="0" hostname="LAPTOP-3QSTNR5R" failures="0" tests="5" name="Default test" time="0.087" errors="0" timestamp="2023-03-15T09:00:22 IST">
  <testcase classname="test.Maharashtra" name="mumbai" time="0.007"/>
  <testcase classname="test.Maharashtra" name="nagpur" time="0.002"/>
  <testcase classname="test.Maharashtra" name="nasik" time="0.001"/>
  <testcase classname="test.Maharashtra" name="pune" time="0.002"/>
  <testcase classname="test.Maharashtra" name="vidarbh" time="0.002"/>
</testsuite> <!-- Default test -->
